<?xml version="1.0" encoding="UTF-8"?>
<testsuite xmlns:xsi="http://www.w3.org/2001/XMLSchema-instance" xsi:noNamespaceSchemaLocation="https://maven.apache.org/surefire/maven-surefire-plugin/xsd/surefire-test-report-3.0.xsd" version="3.0" name="cn.wlf.Homework1ApplicationTests" time="3.595" tests="1" errors="0" skipped="0" failures="0">
  <properties>
    <property name="java.specification.version" value="17"/>
    <property name="sun.cpu.isalist" value="amd64"/>
    <property name="sun.jnu.encoding" value="GBK"/>
    <property name="java.class.path" value="D:\javacode\homework1\target\test-classes;D:\javacode\homework1\target\classes;D:\developsoft\maven\mvn_repo\org\springframework\boot\spring-boot-starter-web\3.3.0\spring-boot-starter-web-3.3.0.jar;D:\developsoft\maven\mvn_repo\org\springframework\boot\spring-boot-starter\3.3.0\spring-boot-starter-3.3.0.jar;D:\developsoft\maven\mvn_repo\org\springframework\boot\spring-boot\3.3.0\spring-boot-3.3.0.jar;D:\developsoft\maven\mvn_repo\org\springframework\boot\spring-boot-autoconfigure\3.3.0\spring-boot-autoconfigure-3.3.0.jar;D:\developsoft\maven\mvn_repo\org\springframework\boot\spring-boot-starter-logging\3.3.0\spring-boot-starter-logging-3.3.0.jar;D:\developsoft\maven\mvn_repo\ch\qos\logback\logback-classic\1.5.6\logback-classic-1.5.6.jar;D:\developsoft\maven\mvn_repo\ch\qos\logback\logback-core\1.5.6\logback-core-1.5.6.jar;D:\developsoft\maven\mvn_repo\org\apache\logging\log4j\log4j-to-slf4j\2.23.1\log4j-to-slf4j-2.23.1.jar;D:\developsoft\maven\mvn_repo\org\apache\logging\log4j\log4j-api\2.23.1\log4j-api-2.23.1.jar;D:\developsoft\maven\mvn_repo\org\slf4j\jul-to-slf4j\2.0.13\jul-to-slf4j-2.0.13.jar;D:\developsoft\maven\mvn_repo\org\yaml\snakeyaml\2.2\snakeyaml-2.2.jar;D:\developsoft\maven\mvn_repo\org\springframework\boot\spring-boot-starter-json\3.3.0\spring-boot-starter-json-3.3.0.jar;D:\developsoft\maven\mvn_repo\com\fasterxml\jackson\core\jackson-databind\2.17.1\jackson-databind-2.17.1.jar;D:\developsoft\maven\mvn_repo\com\fasterxml\jackson\core\jackson-annotations\2.17.1\jackson-annotations-2.17.1.jar;D:\developsoft\maven\mvn_repo\com\fasterxml\jackson\core\jackson-core\2.17.1\jackson-core-2.17.1.jar;D:\developsoft\maven\mvn_repo\com\fasterxml\jackson\datatype\jackson-datatype-jdk8\2.17.1\jackson-datatype-jdk8-2.17.1.jar;D:\developsoft\maven\mvn_repo\com\fasterxml\jackson\datatype\jackson-datatype-jsr310\2.17.1\jackson-datatype-jsr310-2.17.1.jar;D:\developsoft\maven\mvn_repo\com\fasterxml\jackson\module\jackson-module-parameter-names\2.17.1\jackson-module-parameter-names-2.17.1.jar;D:\developsoft\maven\mvn_repo\org\springframework\spring-web\6.1.8\spring-web-6.1.8.jar;D:\developsoft\maven\mvn_repo\org\springframework\spring-beans\6.1.8\spring-beans-6.1.8.jar;D:\developsoft\maven\mvn_repo\io\micrometer\micrometer-observation\1.13.0\micrometer-observation-1.13.0.jar;D:\developsoft\maven\mvn_repo\io\micrometer\micrometer-commons\1.13.0\micrometer-commons-1.13.0.jar;D:\developsoft\maven\mvn_repo\org\springframework\spring-webmvc\6.1.8\spring-webmvc-6.1.8.jar;D:\developsoft\maven\mvn_repo\org\springframework\spring-aop\6.1.8\spring-aop-6.1.8.jar;D:\developsoft\maven\mvn_repo\org\springframework\spring-context\6.1.8\spring-context-6.1.8.jar;D:\developsoft\maven\mvn_repo\org\springframework\spring-expression\6.1.8\spring-expression-6.1.8.jar;D:\developsoft\maven\mvn_repo\com\mysql\mysql-connector-j\8.3.0\mysql-connector-j-8.3.0.jar;D:\developsoft\maven\mvn_repo\org\springframework\boot\spring-boot-starter-test\3.3.0\spring-boot-starter-test-3.3.0.jar;D:\developsoft\maven\mvn_repo\org\springframework\boot\spring-boot-test\3.3.0\spring-boot-test-3.3.0.jar;D:\developsoft\maven\mvn_repo\org\springframework\boot\spring-boot-test-autoconfigure\3.3.0\spring-boot-test-autoconfigure-3.3.0.jar;D:\developsoft\maven\mvn_repo\com\jayway\jsonpath\json-path\2.9.0\json-path-2.9.0.jar;D:\developsoft\maven\mvn_repo\org\slf4j\slf4j-api\2.0.13\slf4j-api-2.0.13.jar;D:\developsoft\maven\mvn_repo\jakarta\xml\bind\jakarta.xml.bind-api\4.0.2\jakarta.xml.bind-api-4.0.2.jar;D:\developsoft\maven\mvn_repo\jakarta\activation\jakarta.activation-api\2.1.3\jakarta.activation-api-2.1.3.jar;D:\developsoft\maven\mvn_repo\net\minidev\json-smart\2.5.1\json-smart-2.5.1.jar;D:\developsoft\maven\mvn_repo\net\minidev\accessors-smart\2.5.1\accessors-smart-2.5.1.jar;D:\developsoft\maven\mvn_repo\org\ow2\asm\asm\9.6\asm-9.6.jar;D:\developsoft\maven\mvn_repo\org\assertj\assertj-core\3.25.3\assertj-core-3.25.3.jar;D:\developsoft\maven\mvn_repo\net\bytebuddy\byte-buddy\1.14.16\byte-buddy-1.14.16.jar;D:\developsoft\maven\mvn_repo\org\awaitility\awaitility\4.2.1\awaitility-4.2.1.jar;D:\developsoft\maven\mvn_repo\org\hamcrest\hamcrest\2.2\hamcrest-2.2.jar;D:\developsoft\maven\mvn_repo\org\junit\jupiter\junit-jupiter\5.10.2\junit-jupiter-5.10.2.jar;D:\developsoft\maven\mvn_repo\org\junit\jupiter\junit-jupiter-api\5.10.2\junit-jupiter-api-5.10.2.jar;D:\developsoft\maven\mvn_repo\org\opentest4j\opentest4j\1.3.0\opentest4j-1.3.0.jar;D:\developsoft\maven\mvn_repo\org\junit\platform\junit-platform-commons\1.10.2\junit-platform-commons-1.10.2.jar;D:\developsoft\maven\mvn_repo\org\apiguardian\apiguardian-api\1.1.2\apiguardian-api-1.1.2.jar;D:\developsoft\maven\mvn_repo\org\junit\jupiter\junit-jupiter-params\5.10.2\junit-jupiter-params-5.10.2.jar;D:\developsoft\maven\mvn_repo\org\junit\jupiter\junit-jupiter-engine\5.10.2\junit-jupiter-engine-5.10.2.jar;D:\developsoft\maven\mvn_repo\org\junit\platform\junit-platform-engine\1.10.2\junit-platform-engine-1.10.2.jar;D:\developsoft\maven\mvn_repo\org\mockito\mockito-core\5.11.0\mockito-core-5.11.0.jar;D:\developsoft\maven\mvn_repo\net\bytebuddy\byte-buddy-agent\1.14.16\byte-buddy-agent-1.14.16.jar;D:\developsoft\maven\mvn_repo\org\objenesis\objenesis\3.3\objenesis-3.3.jar;D:\developsoft\maven\mvn_repo\org\mockito\mockito-junit-jupiter\5.11.0\mockito-junit-jupiter-5.11.0.jar;D:\developsoft\maven\mvn_repo\org\skyscreamer\jsonassert\1.5.1\jsonassert-1.5.1.jar;D:\developsoft\maven\mvn_repo\com\vaadin\external\google\android-json\0.0.20131108.vaadin1\android-json-0.0.20131108.vaadin1.jar;D:\developsoft\maven\mvn_repo\org\springframework\spring-core\6.1.8\spring-core-6.1.8.jar;D:\developsoft\maven\mvn_repo\org\springframework\spring-jcl\6.1.8\spring-jcl-6.1.8.jar;D:\developsoft\maven\mvn_repo\org\springframework\spring-test\6.1.8\spring-test-6.1.8.jar;D:\developsoft\maven\mvn_repo\org\xmlunit\xmlunit-core\2.9.1\xmlunit-core-2.9.1.jar;D:\developsoft\maven\mvn_repo\org\mybatis\spring\boot\mybatis-spring-boot-starter\3.0.3\mybatis-spring-boot-starter-3.0.3.jar;D:\developsoft\maven\mvn_repo\org\springframework\boot\spring-boot-starter-jdbc\3.3.0\spring-boot-starter-jdbc-3.3.0.jar;D:\developsoft\maven\mvn_repo\com\zaxxer\HikariCP\5.1.0\HikariCP-5.1.0.jar;D:\developsoft\maven\mvn_repo\org\springframework\spring-jdbc\6.1.8\spring-jdbc-6.1.8.jar;D:\developsoft\maven\mvn_repo\org\springframework\spring-tx\6.1.8\spring-tx-6.1.8.jar;D:\developsoft\maven\mvn_repo\org\mybatis\spring\boot\mybatis-spring-boot-autoconfigure\3.0.3\mybatis-spring-boot-autoconfigure-3.0.3.jar;D:\developsoft\maven\mvn_repo\org\mybatis\mybatis\3.5.14\mybatis-3.5.14.jar;D:\developsoft\maven\mvn_repo\org\mybatis\mybatis-spring\3.0.3\mybatis-spring-3.0.3.jar;D:\developsoft\maven\mvn_repo\org\projectlombok\lombok\1.18.32\lombok-1.18.32.jar;D:\developsoft\maven\mvn_repo\org\springframework\boot\spring-boot-starter-tomcat\3.3.0\spring-boot-starter-tomcat-3.3.0.jar;D:\developsoft\maven\mvn_repo\jakarta\annotation\jakarta.annotation-api\2.1.1\jakarta.annotation-api-2.1.1.jar;D:\developsoft\maven\mvn_repo\org\apache\tomcat\embed\tomcat-embed-core\10.1.24\tomcat-embed-core-10.1.24.jar;D:\developsoft\maven\mvn_repo\org\apache\tomcat\embed\tomcat-embed-el\10.1.24\tomcat-embed-el-10.1.24.jar;D:\developsoft\maven\mvn_repo\org\apache\tomcat\embed\tomcat-embed-websocket\10.1.24\tomcat-embed-websocket-10.1.24.jar;"/>
    <property name="java.vm.vendor" value="Oracle Corporation"/>
    <property name="sun.arch.data.model" value="64"/>
    <property name="user.variant" value=""/>
    <property name="java.vendor.url" value="https://java.oracle.com/"/>
    <property name="user.timezone" value="Asia/Shanghai"/>
    <property name="os.name" value="Windows 11"/>
    <property name="java.vm.specification.version" value="17"/>
    <property name="sun.java.launcher" value="SUN_STANDARD"/>
    <property name="user.country" value="CN"/>
    <property name="sun.boot.library.path" value="D:\javaidea\bin"/>
    <property name="sun.java.command" value="C:\Users\28424\AppData\Local\Temp\surefire9139472478227374438\surefirebooter-20240712104545236_3.jar C:\Users\28424\AppData\Local\Temp\surefire9139472478227374438 2024-07-12T10-45-45_024-jvmRun1 surefire-20240712104545236_1tmp surefire_0-20240712104545236_2tmp"/>
    <property name="jdk.debug" value="release"/>
    <property name="surefire.test.class.path" value="D:\javacode\homework1\target\test-classes;D:\javacode\homework1\target\classes;D:\developsoft\maven\mvn_repo\org\springframework\boot\spring-boot-starter-web\3.3.0\spring-boot-starter-web-3.3.0.jar;D:\developsoft\maven\mvn_repo\org\springframework\boot\spring-boot-starter\3.3.0\spring-boot-starter-3.3.0.jar;D:\developsoft\maven\mvn_repo\org\springframework\boot\spring-boot\3.3.0\spring-boot-3.3.0.jar;D:\developsoft\maven\mvn_repo\org\springframework\boot\spring-boot-autoconfigure\3.3.0\spring-boot-autoconfigure-3.3.0.jar;D:\developsoft\maven\mvn_repo\org\springframework\boot\spring-boot-starter-logging\3.3.0\spring-boot-starter-logging-3.3.0.jar;D:\developsoft\maven\mvn_repo\ch\qos\logback\logback-classic\1.5.6\logback-classic-1.5.6.jar;D:\developsoft\maven\mvn_repo\ch\qos\logback\logback-core\1.5.6\logback-core-1.5.6.jar;D:\developsoft\maven\mvn_repo\org\apache\logging\log4j\log4j-to-slf4j\2.23.1\log4j-to-slf4j-2.23.1.jar;D:\developsoft\maven\mvn_repo\org\apache\logging\log4j\log4j-api\2.23.1\log4j-api-2.23.1.jar;D:\developsoft\maven\mvn_repo\org\slf4j\jul-to-slf4j\2.0.13\jul-to-slf4j-2.0.13.jar;D:\developsoft\maven\mvn_repo\org\yaml\snakeyaml\2.2\snakeyaml-2.2.jar;D:\developsoft\maven\mvn_repo\org\springframework\boot\spring-boot-starter-json\3.3.0\spring-boot-starter-json-3.3.0.jar;D:\developsoft\maven\mvn_repo\com\fasterxml\jackson\core\jackson-databind\2.17.1\jackson-databind-2.17.1.jar;D:\developsoft\maven\mvn_repo\com\fasterxml\jackson\core\jackson-annotations\2.17.1\jackson-annotations-2.17.1.jar;D:\developsoft\maven\mvn_repo\com\fasterxml\jackson\core\jackson-core\2.17.1\jackson-core-2.17.1.jar;D:\developsoft\maven\mvn_repo\com\fasterxml\jackson\datatype\jackson-datatype-jdk8\2.17.1\jackson-datatype-jdk8-2.17.1.jar;D:\developsoft\maven\mvn_repo\com\fasterxml\jackson\datatype\jackson-datatype-jsr310\2.17.1\jackson-datatype-jsr310-2.17.1.jar;D:\developsoft\maven\mvn_repo\com\fasterxml\jackson\module\jackson-module-parameter-names\2.17.1\jackson-module-parameter-names-2.17.1.jar;D:\developsoft\maven\mvn_repo\org\springframework\spring-web\6.1.8\spring-web-6.1.8.jar;D:\developsoft\maven\mvn_repo\org\springframework\spring-beans\6.1.8\spring-beans-6.1.8.jar;D:\developsoft\maven\mvn_repo\io\micrometer\micrometer-observation\1.13.0\micrometer-observation-1.13.0.jar;D:\developsoft\maven\mvn_repo\io\micrometer\micrometer-commons\1.13.0\micrometer-commons-1.13.0.jar;D:\developsoft\maven\mvn_repo\org\springframework\spring-webmvc\6.1.8\spring-webmvc-6.1.8.jar;D:\developsoft\maven\mvn_repo\org\springframework\spring-aop\6.1.8\spring-aop-6.1.8.jar;D:\developsoft\maven\mvn_repo\org\springframework\spring-context\6.1.8\spring-context-6.1.8.jar;D:\developsoft\maven\mvn_repo\org\springframework\spring-expression\6.1.8\spring-expression-6.1.8.jar;D:\developsoft\maven\mvn_repo\com\mysql\mysql-connector-j\8.3.0\mysql-connector-j-8.3.0.jar;D:\developsoft\maven\mvn_repo\org\springframework\boot\spring-boot-starter-test\3.3.0\spring-boot-starter-test-3.3.0.jar;D:\developsoft\maven\mvn_repo\org\springframework\boot\spring-boot-test\3.3.0\spring-boot-test-3.3.0.jar;D:\developsoft\maven\mvn_repo\org\springframework\boot\spring-boot-test-autoconfigure\3.3.0\spring-boot-test-autoconfigure-3.3.0.jar;D:\developsoft\maven\mvn_repo\com\jayway\jsonpath\json-path\2.9.0\json-path-2.9.0.jar;D:\developsoft\maven\mvn_repo\org\slf4j\slf4j-api\2.0.13\slf4j-api-2.0.13.jar;D:\developsoft\maven\mvn_repo\jakarta\xml\bind\jakarta.xml.bind-api\4.0.2\jakarta.xml.bind-api-4.0.2.jar;D:\developsoft\maven\mvn_repo\jakarta\activation\jakarta.activation-api\2.1.3\jakarta.activation-api-2.1.3.jar;D:\developsoft\maven\mvn_repo\net\minidev\json-smart\2.5.1\json-smart-2.5.1.jar;D:\developsoft\maven\mvn_repo\net\minidev\accessors-smart\2.5.1\accessors-smart-2.5.1.jar;D:\developsoft\maven\mvn_repo\org\ow2\asm\asm\9.6\asm-9.6.jar;D:\developsoft\maven\mvn_repo\org\assertj\assertj-core\3.25.3\assertj-core-3.25.3.jar;D:\developsoft\maven\mvn_repo\net\bytebuddy\byte-buddy\1.14.16\byte-buddy-1.14.16.jar;D:\developsoft\maven\mvn_repo\org\awaitility\awaitility\4.2.1\awaitility-4.2.1.jar;D:\developsoft\maven\mvn_repo\org\hamcrest\hamcrest\2.2\hamcrest-2.2.jar;D:\developsoft\maven\mvn_repo\org\junit\jupiter\junit-jupiter\5.10.2\junit-jupiter-5.10.2.jar;D:\developsoft\maven\mvn_repo\org\junit\jupiter\junit-jupiter-api\5.10.2\junit-jupiter-api-5.10.2.jar;D:\developsoft\maven\mvn_repo\org\opentest4j\opentest4j\1.3.0\opentest4j-1.3.0.jar;D:\developsoft\maven\mvn_repo\org\junit\platform\junit-platform-commons\1.10.2\junit-platform-commons-1.10.2.jar;D:\developsoft\maven\mvn_repo\org\apiguardian\apiguardian-api\1.1.2\apiguardian-api-1.1.2.jar;D:\developsoft\maven\mvn_repo\org\junit\jupiter\junit-jupiter-params\5.10.2\junit-jupiter-params-5.10.2.jar;D:\developsoft\maven\mvn_repo\org\junit\jupiter\junit-jupiter-engine\5.10.2\junit-jupiter-engine-5.10.2.jar;D:\developsoft\maven\mvn_repo\org\junit\platform\junit-platform-engine\1.10.2\junit-platform-engine-1.10.2.jar;D:\developsoft\maven\mvn_repo\org\mockito\mockito-core\5.11.0\mockito-core-5.11.0.jar;D:\developsoft\maven\mvn_repo\net\bytebuddy\byte-buddy-agent\1.14.16\byte-buddy-agent-1.14.16.jar;D:\developsoft\maven\mvn_repo\org\objenesis\objenesis\3.3\objenesis-3.3.jar;D:\developsoft\maven\mvn_repo\org\mockito\mockito-junit-jupiter\5.11.0\mockito-junit-jupiter-5.11.0.jar;D:\developsoft\maven\mvn_repo\org\skyscreamer\jsonassert\1.5.1\jsonassert-1.5.1.jar;D:\developsoft\maven\mvn_repo\com\vaadin\external\google\android-json\0.0.20131108.vaadin1\android-json-0.0.20131108.vaadin1.jar;D:\developsoft\maven\mvn_repo\org\springframework\spring-core\6.1.8\spring-core-6.1.8.jar;D:\developsoft\maven\mvn_repo\org\springframework\spring-jcl\6.1.8\spring-jcl-6.1.8.jar;D:\developsoft\maven\mvn_repo\org\springframework\spring-test\6.1.8\spring-test-6.1.8.jar;D:\developsoft\maven\mvn_repo\org\xmlunit\xmlunit-core\2.9.1\xmlunit-core-2.9.1.jar;D:\developsoft\maven\mvn_repo\org\mybatis\spring\boot\mybatis-spring-boot-starter\3.0.3\mybatis-spring-boot-starter-3.0.3.jar;D:\developsoft\maven\mvn_repo\org\springframework\boot\spring-boot-starter-jdbc\3.3.0\spring-boot-starter-jdbc-3.3.0.jar;D:\developsoft\maven\mvn_repo\com\zaxxer\HikariCP\5.1.0\HikariCP-5.1.0.jar;D:\developsoft\maven\mvn_repo\org\springframework\spring-jdbc\6.1.8\spring-jdbc-6.1.8.jar;D:\developsoft\maven\mvn_repo\org\springframework\spring-tx\6.1.8\spring-tx-6.1.8.jar;D:\developsoft\maven\mvn_repo\org\mybatis\spring\boot\mybatis-spring-boot-autoconfigure\3.0.3\mybatis-spring-boot-autoconfigure-3.0.3.jar;D:\developsoft\maven\mvn_repo\org\mybatis\mybatis\3.5.14\mybatis-3.5.14.jar;D:\developsoft\maven\mvn_repo\org\mybatis\mybatis-spring\3.0.3\mybatis-spring-3.0.3.jar;D:\developsoft\maven\mvn_repo\org\projectlombok\lombok\1.18.32\lombok-1.18.32.jar;D:\developsoft\maven\mvn_repo\org\springframework\boot\spring-boot-starter-tomcat\3.3.0\spring-boot-starter-tomcat-3.3.0.jar;D:\developsoft\maven\mvn_repo\jakarta\annotation\jakarta.annotation-api\2.1.1\jakarta.annotation-api-2.1.1.jar;D:\developsoft\maven\mvn_repo\org\apache\tomcat\embed\tomcat-embed-core\10.1.24\tomcat-embed-core-10.1.24.jar;D:\developsoft\maven\mvn_repo\org\apache\tomcat\embed\tomcat-embed-el\10.1.24\tomcat-embed-el-10.1.24.jar;D:\developsoft\maven\mvn_repo\org\apache\tomcat\embed\tomcat-embed-websocket\10.1.24\tomcat-embed-websocket-10.1.24.jar;"/>
    <property name="sun.cpu.endian" value="little"/>
    <property name="user.home" value="C:\Users\28424"/>
    <property name="user.language" value="zh"/>
    <property name="java.specification.vendor" value="Oracle Corporation"/>
    <property name="java.version.date" value="2023-10-17"/>
    <property name="java.home" value="D:\javaidea"/>
    <property name="file.separator" value="\"/>
    <property name="basedir" value="D:\javacode\homework1"/>
    <property name="java.vm.compressedOopsMode" value="Zero based"/>
    <property name="line.separator" value="&#10;"/>
    <property name="java.vm.specification.vendor" value="Oracle Corporation"/>
    <property name="java.specification.name" value="Java Platform API Specification"/>
    <property name="FILE_LOG_CHARSET" value="GBK"/>
    <property name="java.awt.headless" value="true"/>
    <property name="surefire.real.class.path" value="C:\Users\28424\AppData\Local\Temp\surefire9139472478227374438\surefirebooter-20240712104545236_3.jar"/>
    <property name="user.script" value=""/>
    <property name="sun.management.compiler" value="HotSpot 64-Bit Tiered Compilers"/>
    <property name="java.runtime.version" value="17.0.9+11-LTS-201"/>
    <property name="user.name" value="wlf"/>
    <property name="path.separator" value=";"/>
    <property name="os.version" value="10.0"/>
    <property name="java.runtime.name" value="Java(TM) SE Runtime Environment"/>
    <property name="file.encoding" value="GBK"/>
    <property name="java.vm.name" value="Java HotSpot(TM) 64-Bit Server VM"/>
    <property name="localRepository" value="D:\developsoft\maven\mvn_repo"/>
    <property name="java.vendor.url.bug" value="https://bugreport.java.com/bugreport/"/>
    <property name="java.io.tmpdir" value="C:\Users\28424\AppData\Local\Temp\"/>
    <property name="idea.version" value="2023.2.5"/>
    <property name="java.version" value="17.0.9"/>
    <property name="user.dir" value="D:\javacode\homework1"/>
    <property name="os.arch" value="amd64"/>
    <property name="java.vm.specification.name" value="Java Virtual Machine Specification"/>
    <property name="PID" value="2620"/>
    <property name="sun.os.patch.level" value=""/>
    <property name="CONSOLE_LOG_CHARSET" value="GBK"/>
    <property name="native.encoding" value="GBK"/>
    <property name="java.library.path" value="D:\javaidea\bin;C:\WINDOWS\Sun\Java\bin;C:\WINDOWS\system32;C:\WINDOWS;C:\Program Files\Common Files\Oracle\Java\javapath;D:\vmare\bin\;C:\Windows\system32;C:\Windows;C:\Windows\System32\Wbem;C:\Windows\System32\WindowsPowerShell\v1.0\;C:\Windows\System32\OpenSSH\;C:\Program Files (x86)\NVIDIA Corporation\PhysX\Common;C:\Program Files\NVIDIA Corporation\NVIDIA NvDLISR;C:\WINDOWS\system32;C:\WINDOWS;C:\WINDOWS\System32\Wbem;C:\WINDOWS\System32\WindowsPowerShell\v1.0\;C:\WINDOWS\System32\OpenSSH\;E:\bandzip\Bandizip\;D:\Program Files (x86)\Microsoft SQL Server\100\Tools\Binn\;D:\Program Files\Microsoft SQL Server\100\Tools\Binn\;D:\Program Files\Microsoft SQL Server\100\DTS\Binn\;D:\Program Files (x86)\Microsoft SQL Server\100\Tools\Binn\VSShell\Common7\IDE\;C:\Program Files (x86)\Microsoft Visual Studio 9.0\Common7\IDE\PrivateAssemblies\;D:\Program Files (x86)\Microsoft SQL Server\100\DTS\Binn\;D:\nodejs 16\;D:\Tomcat\apache-tomcat-9.0.83\bin;D:\developsoft\maven\bin;D:\MySQL\MySQL Server 8.0\bin;D:\nodejs 16\ndoe_global\node_modules;D:\nodejs 16\ndoe_global;D:\git\Git\cmd;D:\developsoft\微信web开发者工具\dll;C:\Users\28424\AppData\Local\Microsoft\WindowsApps;E:\qqfile\Bin;D:\javaidea\bin;D:\developsoft\IntelliJIDEA2021.1.1\bin;D:\nodejs 16\node_global;D:\vscode\Microsoft VS Code\bin;C:\Users\28424\AppData\Local\JetBrains\Toolbox\scripts;;."/>
    <property name="java.vm.info" value="mixed mode, sharing"/>
    <property name="java.vendor" value="Oracle Corporation"/>
    <property name="java.vm.version" value="17.0.9+11-LTS-201"/>
    <property name="sun.io.unicode.encoding" value="UnicodeLittle"/>
    <property name="java.class.version" value="61.0"/>
  </properties>
  <testcase name="contextLoads" classname="cn.wlf.Homework1ApplicationTests" time="0.961">
    <system-out><![CDATA[10:45:46.131 [main] INFO org.springframework.test.context.support.AnnotationConfigContextLoaderUtils -- Could not detect default configuration classes for test class [cn.wlf.Homework1ApplicationTests]: Homework1ApplicationTests does not declare any static, non-private, non-final, nested classes annotated with @Configuration.
10:45:46.261 [main] INFO org.springframework.boot.test.context.SpringBootTestContextBootstrapper -- Found @SpringBootConfiguration cn.wlf.Homework1Application for test class cn.wlf.Homework1ApplicationTests
  .   ____          _            __ _ _
 /\\ / ___'_ __ _ _(_)_ __  __ _ \ \ \ \
( ( )\___ | '_ | '_| | '_ \/ _` | \ \ \ \
 \\/  ___)| |_)| | | | | || (_| |  ) ) ) )
  '  |____| .__|_| |_|_| |_\__, | / / / /
 =========|_|==============|___/=/_/_/_/

 :: Spring Boot ::                (v3.3.0)

2024-07-12T10:45:46.745+08:00  INFO 2620 --- [           main] cn.wlf.Homework1ApplicationTests         : Starting Homework1ApplicationTests using Java 17.0.9 with PID 2620 (started by wlf in D:\javacode\homework1)
2024-07-12T10:45:46.746+08:00  INFO 2620 --- [           main] cn.wlf.Homework1ApplicationTests         : No active profile set, falling back to 1 default profile: "default"
2024-07-12T10:45:48.566+08:00  INFO 2620 --- [           main] cn.wlf.Homework1ApplicationTests         : Started Homework1ApplicationTests in 2.127 seconds (process running for 3.145)
]]></system-out>
  </testcase>
</testsuite>